[15-Apr-2017 04:48:20 UTC] PHP Fatal error:  Uncaught Error: Class 'HelloWorld\SayHello' not found in /Users/rhodesiaxlo/ws/composertest2/test/test.php:6
Stack trace:
#0 {main}
  thrown in /Users/rhodesiaxlo/ws/composertest2/test/test.php on line 6
[15-Apr-2017 04:49:09 UTC] PHP Fatal error:  Uncaught Error: Call to undefined method HelloWorld\SayHello::world() in /Users/rhodesiaxlo/ws/composertest2/test/test.php:6
Stack trace:
#0 {main}
  thrown in /Users/rhodesiaxlo/ws/composertest2/test/test.php on line 6
[15-Apr-2017 04:59:19 UTC] PHP Fatal error:  Uncaught Error: Class 'HelloWorld\SayHello' not found in /Users/rhodesiaxlo/ws/composertest3/test/test.php:6
Stack trace:
#0 {main}
  thrown in /Users/rhodesiaxlo/ws/composertest3/test/test.php on line 6
[15-Apr-2017 05:00:43 UTC] PHP Fatal error:  Uncaught Error: Class 'HelloWorld\SayHello' not found in /Users/rhodesiaxlo/ws/composertest3/test/test.php:6
Stack trace:
#0 {main}
  thrown in /Users/rhodesiaxlo/ws/composertest3/test/test.php on line 6
[15-Apr-2017 05:01:18 UTC] PHP Fatal error:  Uncaught Error: Class 'HelloWorld\SayHello' not found in /Users/rhodesiaxlo/ws/composertest3/test/test.php:6
Stack trace:
#0 {main}
  thrown in /Users/rhodesiaxlo/ws/composertest3/test/test.php on line 6
